[INFO  - 2020-04-20T20:11:22.708Z] GhostDriver - Main - running on port 63975
[INFO  - 2020-04-20T20:11:24.918Z] Session [1c4df520-8343-11ea-a8a6-19d2d02d716b] - page.settings - {"XSSAuditingEnabled":false,"javascriptCanCloseWindows":true,"javascriptCanOpenWindows":true,"javascriptEnabled":true,"loadImages":true,"localToRemoteUrlAccessEnabled":false,"userAgent":"Mozilla/5.0 (Windows NT 6.2; WOW64) AppleWebKit/538.1 (KHTML, like Gecko) PhantomJS/2.1.1 Safari/538.1","webSecurityEnabled":true}
[INFO  - 2020-04-20T20:11:24.918Z] Session [1c4df520-8343-11ea-a8a6-19d2d02d716b] - page.customHeaders:  - {}
[INFO  - 2020-04-20T20:11:24.918Z] Session [1c4df520-8343-11ea-a8a6-19d2d02d716b] - Session.negotiatedCapabilities - {"browserName":"phantomjs","version":"2.1.1","driverName":"ghostdriver","driverVersion":"1.2.0","platform":"windows-10-32bit","javascriptEnabled":true,"takesScreenshot":true,"handlesAlerts":false,"databaseEnabled":false,"locationContextEnabled":false,"applicationCacheEnabled":false,"browserConnectionEnabled":false,"cssSelectorsEnabled":true,"webStorageEnabled":false,"rotatable":false,"acceptSslCerts":false,"nativeEvents":true,"proxy":{"proxyType":"direct"}}
[INFO  - 2020-04-20T20:11:24.918Z] SessionManagerReqHand - _postNewSessionCommand - New Session Created: 1c4df520-8343-11ea-a8a6-19d2d02d716b
[ERROR - 2020-04-20T20:11:26.927Z] Session [1c4df520-8343-11ea-a8a6-19d2d02d716b] - page.onError - msg: Unhandled promise rejection TypeError: undefined is not an object (evaluating 'w.set')

  phantomjs://platform/console++.js:263 in error
[ERROR - 2020-04-20T20:11:26.927Z] Session [1c4df520-8343-11ea-a8a6-19d2d02d716b] - page.onError - stack:
  (anonymous function) (https://www.chefkoch.de/rezepte/207581086939665/Nannie-s-schnelle-Kuchen.html:8626)

  phantomjs://platform/console++.js:263 in error
[ERROR - 2020-04-20T20:11:28.646Z] WebElementLocator - _handleLocateCommand - Element(s) NOT Found: GAVE UP. Search Stop Time: 15874134[INFO  - 2020-04-20T20:12:30.427Z] SessionManagerReqHand - [INFO  - 2020-04-20T20:13:35.766Z] SessionManagerReqHand - _cleanupWindowlessSes[INFO  - 2020-04-20T20:17:30.429Z] SessionManagerReqHand - [INFO  - 2020-04-20T20:18:35.767Z] SessionManagerReqHand - _cleanupWindowlessSes[INFO  - 2020-04-20T20:22:30.429Z] SessionManagerReqHand - [INFO  - 2020-04-20T20:23:35.768Z] SessionManagerReqHand - _cleanupWindowlessSes[INFO  - 2020-04-20T20:27:30.429Z] SessionManagerReqHand - [INFO  - 2020-04-20T20:28:35.771Z] SessionManagerReqHand - _cleanupWindowlessSes[INFO  - 2020-04-20T20:32:30.439Z] SessionManagerReqHand - [INFO  - 2020-04-20T20:33:35.774Z] SessionManagerReqHand - _cleanupWindowlessSes[INFO  - 2020-04-20T20:37:30.439Z] SessionManagerReqHand - [INFO  - 2020-04-20T20:38:35.774Z] SessionManagerReqHand - _cleanupWindowlessSes[INFO  - 2020-04-20T20:42:30.439Z] SessionManagerReqHand - [INFO  - 2020-04-20T20:43:35.784Z] SessionManagerReqHand - _cleanupWindowlessSes[INFO  - 2020-04-20T20:47:30.439Z] SessionManagerReqHand - [INFO  - 2020-04-20T20:48:35.787Z] SessionManagerReqHand - _cleanupWindowlessSes[INFO  - 2020-04-20T20:52:30.439Z] SessionManagerReqHand - [INFO  - 2020-04-20T20:53:35.788Z] SessionManagerReqHand - _cleanupWindowlessSes[INFO  - 2020-04-20T20:57:30.440Z] SessionManagerReqHand - [INFO  - 2020-04-20T20:58:35.788Z] SessionManagerReqHand - _cleanupWindowlessSes[INFO  - 2020-04-20T21:02:30.440Z] SessionManagerReqHand - [INFO  - 2020-04-20T21:03:35.789Z] SessionManagerReqHand - _cleanupWindowlessSes[INFO  - 2020-04-20T21:07:30.445Z] SessionManagerReqHand - [INFO  - 2020-04-20T21:08:35.789Z] SessionManagerReqHand - _cleanupWindowlessSes[INFO  - 2020-04-20T21:12:30.457Z] SessionManagerReqHand - [INFO  - 2020-04-20T21:13:35.788Z] SessionManagerReqHand - _cleanupWindowlessSes[INFO  - 2020-04-20T21:17:30.457Z] SessionManagerReqHand - [INFO  - 2020-04-20T21:18:35.798Z] SessionManagerReqHand - _cleanupWindowlessSes[INFO  - 2020-04-20T21:22:30.459Z] SessionManagerReqHand - [INFO  - 2020-04-20T21:23:35.803Z] SessionManagerReqHand - _cleanupWindowlessSes[INFO  - 2020-04-20T21:27:30.460Z] SessionManagerReqHand - _cleanupWindowlessSessions - Asynchronous Sessions clean-up phase starting NOW
OW
O  - 2020-04-20T21:22:12.188Z] SessionManagerReqHand - _cleanupWindowlessSessions - Asynchronous Sessions clean-up phase starting NOW
[INFO  - 2020-04-20T21:27:12.188Z] SessionManagerReqHand - _cleanupWindowlessSessions - Asynchronous Sessions clean-up phase starting NOW
ns - Asynchronous Sessions clean-up phase starting NOW
[INFO  - 2020-04-20T21:07:14.184Z] SessionManagerReqHand - _cleanupWindowlessSessions - Asynchronous Sessions clean-up phase starting NOW
[INFO  - 2020-04-20T21:12:14.184Z] SessionManagerReqHand - _cleanupWindowlessSessions - Asynchronous Sessions clean-up phase starting NOW
[INFO  - 2020-04-20T21:17:14.190Z] SessionManagerReqHand - _cleanupWindowlessSessions - Asynchronous Sessions clean-up phase starting NOW
[INFO  - 2020-04-20T21:22:14.192Z] SessionManagerReqHand - _cleanupWindowlessSessions - Asynchronous Sessions clean-up phase starting NOW
[INFO  - 2020-04-20T21:27:14.196Z] SessionManagerReqHand - _cleanupWindowlessSessions - Asynchronous Sessions clean-up phase starting NOW
242Z] SessionManagerReqHand - _cleanupWindowlessSessions - Asynchronous Sessions clean-up phase starting NOW
[INFO  - 2020-04-20T21:19:25.242Z] SessionManagerReqHand - _cleanupWindowlessSessions - Asynchronous Sessions clean-up phase starting NOW
[INFO  - 2020-04-20T21:24:25.249Z] SessionManagerReqHand - _cleanupWindowlessSessions - Asynchronous Sessions clean-up phase starting NOW
[INFO  - 2020-04-20T21:27:31.799Z] SessionManagerReqHand - _cleanupWindowlessSessions - Asynchronous Sessions clean-up phase starting NOW
179Z] SessionManagerReqHand - [INFO  - 2020-04-20T21:11:22.721Z] SessionManagerReqHand - _cleanupWindowlessSes[INFO  - 2020-04-20T21:13:54.176Z] SessionManagerReqHand - [INFO  - 2020-04-20T21:16:22.724Z] SessionManagerReqHand - _cleanupWindowlessSes[INFO  - 2020-04-20T21:18:54.177Z] SessionManagerReqHand - [INFO  - 2020-04-20T21:21:22.725Z] SessionManagerReqHand - _cleanupWindowlessSes[INFO  - 2020-04-20T21:23:54.181Z] SessionManagerReqHand - [INFO  - 2020-04-20T21:26:22.728Z] SessionManagerReqHand - _cleanupWindowlessSessions - Asynchronous Sessions clean-up phase starting NOW
